\BOOKMARK [1][-]{section.1}{Title}{}% 1
\BOOKMARK [1][-]{section.2}{Group Members}{}% 2
\BOOKMARK [1][-]{section.3}{Abstract}{}% 3
\BOOKMARK [1][-]{section.4}{Introduction}{}% 4
\BOOKMARK [2][-]{subsection.4.1}{Problem Motivation}{section.4}% 5
\BOOKMARK [2][-]{subsection.4.2}{Previous work focused on solving this problem}{section.4}% 6
\BOOKMARK [2][-]{subsection.4.3}{Limitations of previous work}{section.4}% 7
\BOOKMARK [1][-]{section.5}{Statement of Contributions}{}% 8
\BOOKMARK [1][-]{section.6}{Methods}{}% 9
\BOOKMARK [2][-]{subsection.6.1}{Notation}{section.6}% 10
\BOOKMARK [2][-]{subsection.6.2}{Problem Formulation}{section.6}% 11
\BOOKMARK [2][-]{subsection.6.3}{Description of your method}{section.6}% 12
\BOOKMARK [2][-]{subsection.6.4}{Schematic illustration of your method}{section.6}% 13
\BOOKMARK [1][-]{section.7}{Results}{}% 14
\BOOKMARK [2][-]{subsection.7.1}{Datasets}{section.7}% 15
\BOOKMARK [2][-]{subsection.7.2}{Baselines}{section.7}% 16
\BOOKMARK [2][-]{subsection.7.3}{Description of Experiments}{section.7}% 17
\BOOKMARK [1][-]{section.8}{Discussion}{}% 18
\BOOKMARK [2][-]{subsection.8.1}{Recap}{section.8}% 19
\BOOKMARK [2][-]{subsection.8.2}{Observations}{section.8}% 20
\BOOKMARK [2][-]{subsection.8.3}{Limitations and Future Work}{section.8}% 21
\BOOKMARK [2][-]{subsection.8.4}{Inspiring Concluding Paragraph}{section.8}% 22
